<?xml version="1.0" encoding="utf-8"?><testsuites name="pytest tests"><testsuite name="pytest" errors="0" failures="0" skipped="0" tests="71" time="7.053" timestamp="2026-09-18T07:17:13.066057-07:00" hostname="Strix"><testcase classname="tests.test_source_union_probe_coverage" name="test_each_coordinate_change_is_covered[0]" time="0.002" /><testcase classname="tests.test_source_union_probe_coverage" name="test_each_coordinate_change_is_covered[1]" time="0.001" /><testcase classname="tests.test_source_union_probe_coverage" name="test_each_coordinate_change_is_covered[2]" time="0.002" /><testcase classname="tests.test_source_union_probe_coverage" name="test_connectivity_only_change_is_covered" time="0.001" /><testcase classname="tests.test_source_union_probe_coverage" name="test_unchanged_geometry_has_no_changed_faces" time="0.001" /><testcase classname="tests.test_source_union_probe_coverage" name="test_count_changes_are_not_silently_paired" time="0.001" /><testcase classname="tests.test_source_union_probe_coverage" name="test_approach_station_interpolation_uses_original_geographic_frame" time="0.010" /><testcase classname="tests.test_source_union_probe_coverage" name="test_moved_centroid_checks_both_partitions" time="0.002" /><testcase classname="tests.test_source_union_probe_coverage" name="test_height_only_revision_keeps_original_probe_set" time="0.001" /><testcase classname="tests.test_south_fork_source_supported_revision" name="test_exact_source_extension_and_composed_sampling" time="0.127" /><testcase classname="tests.test_south_fork_source_supported_revision" name="test_rehashed_source_or_inference_tamper_is_not_accepted[east_m-index0]" time="0.010" /><testcase classname="tests.test_south_fork_source_supported_revision" name="test_rehashed_source_or_inference_tamper_is_not_accepted[z_m-index1]" time="0.009" /><testcase classname="tests.test_south_fork_source_supported_revision" name="test_rehashed_source_or_inference_tamper_is_not_accepted[z_m-index2]" time="0.008" /><testcase classname="tests.test_south_fork_source_supported_revision" name="test_rehashed_source_or_inference_tamper_is_not_accepted[authority-index3]" time="0.009" /><testcase classname="tests.test_south_fork_source_supported_revision" name="test_changed_source_label_and_claimed_measurement_rejected" time="0.006" /><testcase classname="tests.test_south_fork_source_supported_revision" name="test_old_evolved_bed_input_and_wrong_frame_rejected" time="0.009" /><testcase classname="tests.test_south_fork_source_supported_revision" name="test_bounds_include_moved_xy_and_empty_revision_rejected" time="0.006" /><testcase classname="tests.test_south_fork_source_supported_revision" name="test_manifest_cannot_authorize_evolved_state_or_promotion[state_transfer_permitted]" time="0.029" /><testcase classname="tests.test_south_fork_source_supported_revision" name="test_manifest_cannot_authorize_evolved_state_or_promotion[production_promoted]" time="0.008" /><testcase classname="tests.test_south_fork_source_supported_revision" name="test_dependency_cannot_escape_root" time="0.009" /><testcase classname="tests.test_south_fork_terrain_revision" name="test_exact_source_replacement_preserves_unaffected_samples" time="0.007" /><testcase classname="tests.test_south_fork_terrain_revision" name="test_stale_or_already_replaced_bed_is_refused" time="0.005" /><testcase classname="tests.test_south_fork_terrain_revision" name="test_protected_arrays_cannot_change[east_m]" time="0.002" /><testcase classname="tests.test_south_fork_terrain_revision" name="test_protected_arrays_cannot_change[north_m]" time="0.004" /><testcase classname="tests.test_south_fork_terrain_revision" name="test_protected_arrays_cannot_change[source_surface_m]" time="0.003" /><testcase classname="tests.test_south_fork_terrain_revision" name="test_protected_arrays_cannot_change[authority]" time="0.002" /><testcase classname="tests.test_south_fork_terrain_revision" name="test_protected_arrays_cannot_change[triangles]" time="0.002" /><testcase classname="tests.test_south_fork_terrain_revision" name="test_measured_height_cannot_change" time="0.002" /><testcase classname="tests.test_south_fork_terrain_revision" name="test_seam_cannot_change_even_if_inferred" time="0.005" /><testcase classname="tests.test_south_fork_rock_union" name="test_union_preserves_parent_and_shapes_and_reports_only_real_changes" time="0.036" /><testcase classname="tests.test_south_fork_rock_union" name="test_union_never_fills_outside_triangle_inside_bounding_box" time="0.023" /><testcase classname="tests.test_south_fork_rock_union" name="test_interpreted_selection_hash_and_sources_are_part_of_union" time="0.078" /><testcase classname="tests.test_south_fork_rock_union" name="test_modified_dependency_is_rejected[source_mesh]" time="0.018" /><testcase classname="tests.test_south_fork_rock_union" name="test_modified_dependency_is_rejected[original_returns]" time="0.021" /><testcase classname="tests.test_south_fork_rock_union" name="test_modified_dependency_is_rejected[cap]" time="0.034" /><testcase classname="tests.test_south_fork_rock_union" name="test_frame_mismatch_and_different_parent_fail" time="0.036" /><testcase classname="tests.test_south_fork_rock_union" name="test_missing_parent_support_and_exposed_bottom_fail" time="0.029" /><testcase classname="tests.test_south_fork_rock_union" name="test_rehashed_cap_cannot_change_the_physical_solid" time="0.034" /><testcase classname="tests.test_south_fork_rock_union" name="test_rehashed_cap_cannot_move_captured_roof" time="0.058" /><testcase classname="tests.test_south_fork_rock_union" name="test_hydraulic_packet_retains_captured_stage_mask_and_unaffected_owners" time="0.032" /><testcase classname="tests.test_south_fork_rock_union" name="test_fresh_input_gate_rejects_old_depth_and_changed_boundary" time="0.005" /><testcase classname="tests.test_south_fork_rock_union" name="test_runtime_packet_union_preserves_observations_and_outside_samples" time="0.054" /><testcase classname="tests.test_south_fork_rock_union" name="test_full_map_probe_frame_applies_origin_datum_and_y_reflection_once" time="0.001" /><testcase classname="tests.test_south_fork_rock_union" name="test_revised_bed_ownership_is_not_inferred_from_height_increase" time="0.031" /><testcase classname="tests.test_south_fork_rock_union" name="test_full_map_probe_samples_actual_union_without_discarding_buried_source" time="0.001" /><testcase classname="tests.test_south_fork_rock_union" name="test_compound_packet_verification_reconstructs_all_changed_fields" time="0.155" /><testcase classname="tests.test_south_fork_rock_union" name="test_rehashed_compound_packet_cannot_change_source_or_roof[bed_navd88_m]" time="0.153" /><testcase classname="tests.test_south_fork_rock_union" name="test_rehashed_compound_packet_cannot_change_source_or_roof[captured_surface_navd88_m]" time="0.215" /><testcase classname="tests.test_south_fork_rock_union" name="test_rehashed_compound_packet_cannot_change_source_or_roof[captured_water_mask]" time="0.185" /><testcase classname="tests.test_south_fork_rock_union" name="test_compound_packets_reject_relabelled_frame_cook_or_coverage[frame]" time="0.110" /><testcase classname="tests.test_south_fork_rock_union" name="test_compound_packets_reject_relabelled_frame_cook_or_coverage[cook]" time="0.144" /><testcase classname="tests.test_south_fork_rock_union" name="test_compound_packets_reject_relabelled_frame_cook_or_coverage[coverage]" time="0.099" /><testcase classname="tests.test_south_fork_rock_union" name="test_native_sample_visibility_and_solver_wetness_are_distinct_contracts[0-False-False]" time="0.009" /><testcase classname="tests.test_south_fork_rock_union" name="test_native_sample_visibility_and_solver_wetness_are_distinct_contracts[1e-06-False-False]" time="0.001" /><testcase classname="tests.test_south_fork_rock_union" name="test_native_sample_visibility_and_solver_wetness_are_distinct_contracts[2e-06-True-False]" time="0.001" /><testcase classname="tests.test_south_fork_rock_union" name="test_native_sample_visibility_and_solver_wetness_are_distinct_contracts[0.0001-True-False]" time="0.001" /><testcase classname="tests.test_south_fork_rock_union" name="test_native_sample_visibility_and_solver_wetness_are_distinct_contracts[0.00010000000000000002-True-True]" time="0.001" /><testcase classname="tests.test_constriction_source_candidate" name="test_stable_original_lower_return_selection" time="0.001" /><testcase classname="tests.test_constriction_source_candidate" name="test_connected_two_return_cells_only_and_no_hole_fill" time="0.001" /><testcase classname="tests.test_constriction_source_candidate" name="test_diagonal_only_contact_not_connected" time="0.001" /><testcase classname="tests.test_constriction_source_candidate" name="test_flank_prior_preserves_captures_and_bounded_support" time="0.003" /><testcase classname="tests.test_source_native_triangle_hash" name="test_directed_geometry_invariance_and_mutation_controls" time="0.002" /><testcase classname="tests.test_source_native_triangle_hash" name="test_duplicate_corner_rotations_match" time="0.001" /><testcase classname="tests.test_source_native_triangle_hash" name="test_invalid_source_rejected" time="0.001" /><testcase classname="tests.test_survey_export_geometry_identity.ExportGeometryIdentityTests" name="test_changed_actual_geometry_rejected" time="0.022" /><testcase classname="tests.test_survey_export_geometry_identity.ExportGeometryIdentityTests" name="test_irregular_geometry_never_falls_back_to_raster" time="0.007" /><testcase classname="tests.test_survey_export_geometry_identity.ExportGeometryIdentityTests" name="test_matching_variant_allowed" time="0.010" /><testcase classname="tests.test_survey_export_geometry_identity.ExportGeometryIdentityTests" name="test_other_cook_geometry_rejected" time="0.011" /><testcase classname="tests.test_survey_export_geometry_identity.ExportGeometryIdentityTests" name="test_outside_project_geometry_rejected_before_read" time="0.011" /><testcase classname="tests.test_survey_export_geometry_identity.ExportGeometryIdentityTests" name="test_registered_mesh_uses_mesh_hash_not_parent_raster" time="0.017" /><testcase classname="tests.test_survey_export_geometry_identity.ExportGeometryIdentityTests" name="test_source_extension_uses_actual_registered_mesh_hash" time="0.047" /></testsuite></testsuites>